# JRE version: OpenJDK Runtime Environment (8.0_252-b09) (build 1.8.0_252-b09)
# Java VM: OpenJDK 64-Bit Server VM (25.252-b09 mixed mode windows-amd64 compressed oops)
Heap:
 PSYoungGen      total 471552K, used 361170K [0x000000076b800000, 0x0000000792180000, 0x00000007c0000000)
  eden space 450048K, 78% used [0x000000076b800000,0x0000000781294bb8,0x0000000786f80000)
  from space 21504K, 29% used [0x0000000786f80000,0x000000078759fcc8,0x0000000788480000)
  to   space 20992K, 0% used [0x0000000790d00000,0x0000000790d00000,0x0000000792180000)
 ParOldGen       total 155136K, used 35323K [0x00000006c2800000, 0x00000006cbf80000, 0x000000076b800000)
  object space 155136K, 22% used [0x00000006c2800000,0x00000006c4a7ee90,0x00000006cbf80000)
 Metaspace       used 58367K, capacity 62255K, committed 62336K, reserved 1103872K
  class space    used 7620K, capacity 8316K, committed 8320K, reserved 1048576K
GC Heap History (32 events):
Event: 2.166 GC heap before
{Heap before GC invocations=1 (full 0):
 PSYoungGen      total 75776K, used 65024K [0x000000076b800000, 0x0000000770c80000, 0x00000007c0000000)
  eden space 65024K, 100% used [0x000000076b800000,0x000000076f780000,0x000000076f780000)
  from space 10752K, 0% used [0x0000000770200000,0x0000000770200000,0x0000000770c80000)
  to   space 10752K, 0% used [0x000000076f780000,0x000000076f780000,0x0000000770200000)
 ParOldGen       total 173568K, used 0K [0x00000006c2800000, 0x00000006cd180000, 0x000000076b800000)
  object space 173568K, 0% used [0x00000006c2800000,0x00000006c2800000,0x00000006cd180000)
 Metaspace       used 10982K, capacity 11208K, committed 11264K, reserved 1058816K
  class space    used 1160K, capacity 1250K, committed 1280K, reserved 1048576K
Event: 2.172 GC heap after
Heap after GC invocations=1 (full 0):
 PSYoungGen      total 75776K, used 6663K [0x000000076b800000, 0x0000000770c80000, 0x00000007c0000000)
  eden space 65024K, 0% used [0x000000076b800000,0x000000076b800000,0x000000076f780000)
  from space 10752K, 61% used [0x000000076f780000,0x000000076fe01cf8,0x0000000770200000)
  to   space 10752K, 0% used [0x0000000770200000,0x0000000770200000,0x0000000770c80000)
 ParOldGen       total 173568K, used 16K [0x00000006c2800000, 0x00000006cd180000, 0x000000076b800000)
  object space 173568K, 0% used [0x00000006c2800000,0x00000006c2804000,0x00000006cd180000)
 Metaspace       used 10982K, capacity 11208K, committed 11264K, reserved 1058816K
  class space    used 1160K, capacity 1250K, committed 1280K, reserved 1048576K
}
Event: 3.835 GC heap before
{Heap before GC invocations=2 (full 0):
 PSYoungGen      total 75776K, used 71687K [0x000000076b800000, 0x0000000770c80000, 0x00000007c0000000)
  eden space 65024K, 100% used [0x000000076b800000,0x000000076f780000,0x000000076f780000)
  from space 10752K, 61% used [0x000000076f780000,0x000000076fe01cf8,0x0000000770200000)
  to   space 10752K, 0% used [0x0000000770200000,0x0000000770200000,0x0000000770c80000)
 ParOldGen       total 173568K, used 16K [0x00000006c2800000, 0x00000006cd180000, 0x000000076b800000)
  object space 173568K, 0% used [0x00000006c2800000,0x00000006c2804000,0x00000006cd180000)
 Metaspace       used 14279K, capacity 14740K, committed 14848K, reserved 1062912K
  class space    used 1580K, capacity 1727K, committed 1792K, reserved 1048576K
Event: 3.845 GC heap after
Heap after GC invocations=2 (full 0):
 PSYoungGen      total 75776K, used 9367K [0x000000076b800000, 0x0000000770c80000, 0x00000007c0000000)
  eden space 65024K, 0% used [0x000000076b800000,0x000000076b800000,0x000000076f780000)
  from space 10752K, 87% used [0x0000000770200000,0x0000000770b25ca8,0x0000000770c80000)
  to   space 10752K, 0% used [0x000000076f780000,0x000000076f780000,0x0000000770200000)
 ParOldGen       total 173568K, used 24K [0x00000006c2800000, 0x00000006cd180000, 0x000000076b800000)
  object space 173568K, 0% used [0x00000006c2800000,0x00000006c2806000,0x00000006cd180000)
 Metaspace       used 14279K, capacity 14740K, committed 14848K, reserved 1062912K
  class space    used 1580K, capacity 1727K, committed 1792K, reserved 1048576K
}
Event: 4.875 GC heap before
{Heap before GC invocations=3 (full 0):
 PSYoungGen      total 75776K, used 74391K [0x000000076b800000, 0x0000000770c80000, 0x00000007c0000000)
  eden space 65024K, 100% used [0x000000076b800000,0x000000076f780000,0x000000076f780000)
  from space 10752K, 87% used [0x0000000770200000,0x0000000770b25ca8,0x0000000770c80000)
  to   space 10752K, 0% used [0x000000076f780000,0x000000076f780000,0x0000000770200000)
 ParOldGen       total 173568K, used 24K [0x00000006c2800000, 0x00000006cd180000, 0x000000076b800000)
  object space 173568K, 0% used [0x00000006c2800000,0x00000006c2806000,0x00000006cd180000)
 Metaspace       used 17668K, capacity 18292K, committed 18432K, reserved 1064960K
  class space    used 2069K, capacity 2221K, committed 2304K, reserved 1048576K
Event: 4.879 GC heap after
Heap after GC invocations=3 (full 0):
 PSYoungGen      total 75776K, used 8033K [0x000000076b800000, 0x0000000770c80000, 0x00000007c0000000)
  eden space 65024K, 0% used [0x000000076b800000,0x000000076b800000,0x000000076f780000)
  from space 10752K, 74% used [0x000000076f780000,0x000000076ff585a8,0x0000000770200000)
  to   space 10752K, 0% used [0x0000000770200000,0x0000000770200000,0x0000000770c80000)
 ParOldGen       total 173568K, used 32K [0x00000006c2800000, 0x00000006cd180000, 0x000000076b800000)
  object space 173568K, 0% used [0x00000006c2800000,0x00000006c2808000,0x00000006cd180000)
 Metaspace       used 17668K, capacity 18292K, committed 18432K, reserved 1064960K
  class space    used 2069K, capacity 2221K, committed 2304K, reserved 1048576K
}
Event: 5.120 GC heap before
{Heap before GC invocations=4 (full 0):
 PSYoungGen      total 75776K, used 73057K [0x000000076b800000, 0x0000000770c80000, 0x00000007c0000000)
  eden space 65024K, 100% used [0x000000076b800000,0x000000076f780000,0x000000076f780000)
  from space 10752K, 74% used [0x000000076f780000,0x000000076ff585a8,0x0000000770200000)
  to   space 10752K, 0% used [0x0000000770200000,0x0000000770200000,0x0000000770c80000)
 ParOldGen       total 173568K, used 32K [0x00000006c2800000, 0x00000006cd180000, 0x000000076b800000)
  object space 173568K, 0% used [0x00000006c2800000,0x00000006c2808000,0x00000006cd180000)
 Metaspace       used 20338K, capacity 21144K, committed 21248K, reserved 1067008K
  class space    used 2518K, capacity 2735K, committed 2816K, reserved 1048576K
Event: 5.126 GC heap after
Heap after GC invocations=4 (full 0):
 PSYoungGen      total 75776K, used 8512K [0x000000076b800000, 0x0000000770c80000, 0x00000007c0000000)
  eden space 65024K, 0% used [0x000000076b800000,0x000000076b800000,0x000000076f780000)
  from space 10752K, 79% used [0x0000000770200000,0x0000000770a50158,0x0000000770c80000)
  to   space 10752K, 0% used [0x000000076f780000,0x000000076f780000,0x0000000770200000)
 ParOldGen       total 173568K, used 40K [0x00000006c2800000, 0x00000006cd180000, 0x000000076b800000)
  object space 173568K, 0% used [0x00000006c2800000,0x00000006c280a000,0x00000006cd180000)
 Metaspace       used 20338K, capacity 21144K, committed 21248K, reserved 1067008K
  class space    used 2518K, capacity 2735K, committed 2816K, reserved 1048576K
}
Event: 5.135 GC heap before
{Heap before GC invocations=5 (full 0):
 PSYoungGen      total 75776K, used 11378K [0x000000076b800000, 0x0000000770c80000, 0x00000007c0000000)
  eden space 65024K, 4% used [0x000000076b800000,0x000000076bacc790,0x000000076f780000)
  from space 10752K, 79% used [0x0000000770200000,0x0000000770a50158,0x0000000770c80000)
  to   space 10752K, 0% used [0x000000076f780000,0x000000076f780000,0x0000000770200000)
 ParOldGen       total 173568K, used 40K [0x00000006c2800000, 0x00000006cd180000, 0x000000076b800000)
  object space 173568K, 0% used [0x00000006c2800000,0x00000006c280a000,0x00000006cd180000)
 Metaspace       used 20361K, capacity 21144K, committed 21248K, reserved 1067008K
  class space    used 2522K, capacity 2735K, committed 2816K, reserved 1048576K
Event: 5.140 GC heap after
Heap after GC invocations=5 (full 0):
 PSYoungGen      total 75776K, used 6239K [0x000000076b800000, 0x0000000774a00000, 0x00000007c0000000)
  eden space 65024K, 0% used [0x000000076b800000,0x000000076b800000,0x000000076f780000)
  from space 10752K, 58% used [0x000000076f780000,0x000000076fd97f78,0x0000000770200000)
  to   space 9728K, 0% used [0x0000000774080000,0x0000000774080000,0x0000000774a00000)
 ParOldGen       total 173568K, used 48K [0x00000006c2800000, 0x00000006cd180000, 0x000000076b800000)
  object space 173568K, 0% used [0x00000006c2800000,0x00000006c280c000,0x00000006cd180000)
 Metaspace       used 20361K, capacity 21144K, committed 21248K, reserved 1067008K
  class space    used 2522K, capacity 2735K, committed 2816K, reserved 1048576K
}
Event: 5.140 GC heap before
{Heap before GC invocations=6 (full 1):
 PSYoungGen      total 75776K, used 6239K [0x000000076b800000, 0x0000000774a00000, 0x00000007c0000000)
  eden space 65024K, 0% used [0x000000076b800000,0x000000076b800000,0x000000076f780000)
  from space 10752K, 58% used [0x000000076f780000,0x000000076fd97f78,0x0000000770200000)
  to   space 9728K, 0% used [0x0000000774080000,0x0000000774080000,0x0000000774a00000)
 ParOldGen       total 173568K, used 48K [0x00000006c2800000, 0x00000006cd180000, 0x000000076b800000)
  object space 173568K, 0% used [0x00000006c2800000,0x00000006c280c000,0x00000006cd180000)
 Metaspace       used 20361K, capacity 21144K, committed 21248K, reserved 1067008K
  class space    used 2522K, capacity 2735K, committed 2816K, reserved 1048576K
Event: 5.173 GC heap after
Heap after GC invocations=6 (full 1):
 PSYoungGen      total 75776K, used 0K [0x000000076b800000, 0x0000000774a00000, 0x00000007c0000000)
  eden space 65024K, 0% used [0x000000076b800000,0x000000076b800000,0x000000076f780000)
  from space 10752K, 0% used [0x000000076f780000,0x000000076f780000,0x0000000770200000)
  to   space 9728K, 0% used [0x0000000774080000,0x0000000774080000,0x0000000774a00000)
 ParOldGen       total 75776K, used 6097K [0x00000006c2800000, 0x00000006c7200000, 0x000000076b800000)
  object space 75776K, 8% used [0x00000006c2800000,0x00000006c2df47b8,0x00000006c7200000)
 Metaspace       used 20361K, capacity 21144K, committed 21248K, reserved 1067008K
  class space    used 2522K, capacity 2735K, committed 2816K, reserved 1048576K
}
Event: 7.518 GC heap before
{Heap before GC invocations=7 (full 1):
 PSYoungGen      total 75776K, used 65024K [0x000000076b800000, 0x0000000774a00000, 0x00000007c0000000)
  eden space 65024K, 100% used [0x000000076b800000,0x000000076f780000,0x000000076f780000)
  from space 10752K, 0% used [0x000000076f780000,0x000000076f780000,0x0000000770200000)
  to   space 9728K, 0% used [0x0000000774080000,0x0000000774080000,0x0000000774a00000)
 ParOldGen       total 75776K, used 6097K [0x00000006c2800000, 0x00000006c7200000, 0x000000076b800000)
  object space 75776K, 8% used [0x00000006c2800000,0x00000006c2df47b8,0x00000006c7200000)
 Metaspace       used 23978K, capacity 24938K, committed 25088K, reserved 1071104K
  class space    used 3003K, capacity 3224K, committed 3328K, reserved 1048576K
Event: 7.521 GC heap after
Heap after GC invocations=7 (full 1):
 PSYoungGen      total 130560K, used 4839K [0x000000076b800000, 0x0000000774600000, 0x00000007c0000000)
  eden space 124928K, 0% used [0x000000076b800000,0x000000076b800000,0x0000000773200000)
  from space 5632K, 85% used [0x0000000774080000,0x0000000774539fa0,0x0000000774600000)
  to   space 10240K, 0% used [0x0000000773200000,0x0000000773200000,0x0000000773c00000)
 ParOldGen       total 75776K, used 6105K [0x00000006c2800000, 0x00000006c7200000, 0x000000076b800000)
  object space 75776K, 8% used [0x00000006c2800000,0x00000006c2df67b8,0x00000006c7200000)
 Metaspace       used 23978K, capacity 24938K, committed 25088K, reserved 1071104K
  class space    used 3003K, capacity 3224K, committed 3328K, reserved 1048576K
}
Event: 8.100 GC heap before
{Heap before GC invocations=8 (full 1):
 PSYoungGen      total 130560K, used 129767K [0x000000076b800000, 0x0000000774600000, 0x00000007c0000000)
  eden space 124928K, 100% used [0x000000076b800000,0x0000000773200000,0x0000000773200000)
  from space 5632K, 85% used [0x0000000774080000,0x0000000774539fa0,0x0000000774600000)
  to   space 10240K, 0% used [0x0000000773200000,0x0000000773200000,0x0000000773c00000)
 ParOldGen       total 75776K, used 6105K [0x00000006c2800000, 0x00000006c7200000, 0x000000076b800000)
  object space 75776K, 8% used [0x00000006c2800000,0x00000006c2df67b8,0x00000006c7200000)
 Metaspace       used 26085K, capacity 27294K, committed 27392K, reserved 1073152K
  class space    used 3276K, capacity 3531K, committed 3584K, reserved 1048576K
Event: 8.105 GC heap after
Heap after GC invocations=8 (full 1):
 PSYoungGen      total 135168K, used 8214K [0x000000076b800000, 0x000000077b380000, 0x00000007c0000000)
  eden space 124928K, 0% used [0x000000076b800000,0x000000076b800000,0x0000000773200000)
  from space 10240K, 80% used [0x0000000773200000,0x0000000773a05ab8,0x0000000773c00000)
  to   space 10240K, 0% used [0x000000077a980000,0x000000077a980000,0x000000077b380000)
 ParOldGen       total 75776K, used 6113K [0x00000006c2800000, 0x00000006c7200000, 0x000000076b800000)
  object space 75776K, 8% used [0x00000006c2800000,0x00000006c2df87b8,0x00000006c7200000)
 Metaspace       used 26085K, capacity 27294K, committed 27392K, reserved 1073152K
  class space    used 3276K, capacity 3531K, committed 3584K, reserved 1048576K
}
Event: 8.759 GC heap before
{Heap before GC invocations=9 (full 1):
 PSYoungGen      total 135168K, used 133142K [0x000000076b800000, 0x000000077b380000, 0x00000007c0000000)
  eden space 124928K, 100% used [0x000000076b800000,0x0000000773200000,0x0000000773200000)
  from space 10240K, 80% used [0x0000000773200000,0x0000000773a05ab8,0x0000000773c00000)
  to   space 10240K, 0% used [0x000000077a980000,0x000000077a980000,0x000000077b380000)
 ParOldGen       total 75776K, used 6113K [0x00000006c2800000, 0x00000006c7200000, 0x000000076b800000)
  object space 75776K, 8% used [0x00000006c2800000,0x00000006c2df87b8,0x00000006c7200000)
 Metaspace       used 28550K, capacity 29820K, committed 30080K, reserved 1075200K
  class space    used 3651K, capacity 3942K, committed 3968K, reserved 1048576K
Event: 8.765 GC heap after
Heap after GC invocations=9 (full 1):
 PSYoungGen      total 244224K, used 10103K [0x000000076b800000, 0x000000077b380000, 0x00000007c0000000)
  eden space 233984K, 0% used [0x000000076b800000,0x000000076b800000,0x0000000779c80000)
  from space 10240K, 98% used [0x000000077a980000,0x000000077b35dd50,0x000000077b380000)
  to   space 11264K, 0% used [0x0000000779d80000,0x0000000779d80000,0x000000077a880000)
 ParOldGen       total 75776K, used 6121K [0x00000006c2800000, 0x00000006c7200000, 0x000000076b800000)
  object space 75776K, 8% used [0x00000006c2800000,0x00000006c2dfa7b8,0x00000006c7200000)
 Metaspace       used 28550K, capacity 29820K, committed 30080K, reserved 1075200K
  class space    used 3651K, capacity 3942K, committed 3968K, reserved 1048576K
}
Event: 9.874 GC heap before
{Heap before GC invocations=10 (full 1):
 PSYoungGen      total 244224K, used 160709K [0x000000076b800000, 0x000000077b380000, 0x00000007c0000000)
  eden space 233984K, 64% used [0x000000076b800000,0x0000000774b136c8,0x0000000779c80000)
  from space 10240K, 98% used [0x000000077a980000,0x000000077b35dd50,0x000000077b380000)
  to   space 11264K, 0% used [0x0000000779d80000,0x0000000779d80000,0x000000077a880000)
 ParOldGen       total 75776K, used 6121K [0x00000006c2800000, 0x00000006c7200000, 0x000000076b800000)
  object space 75776K, 8% used [0x00000006c2800000,0x00000006c2dfa7b8,0x00000006c7200000)
 Metaspace       used 33554K, capacity 35277K, committed 35416K, reserved 1079296K
  class space    used 4378K, capacity 4736K, committed 4736K, reserved 1048576K
Event: 9.886 GC heap after
Heap after GC invocations=10 (full 1):
 PSYoungGen      total 246272K, used 11244K [0x000000076b800000, 0x0000000782c00000, 0x00000007c0000000)
  eden space 235008K, 0% used [0x000000076b800000,0x000000076b800000,0x0000000779d80000)
  from space 11264K, 99% used [0x0000000779d80000,0x000000077a87b3e8,0x000000077a880000)
  to   space 13824K, 0% used [0x0000000781e80000,0x0000000781e80000,0x0000000782c00000)
 ParOldGen       total 75776K, used 9469K [0x00000006c2800000, 0x00000006c7200000, 0x000000076b800000)
  object space 75776K, 12% used [0x00000006c2800000,0x00000006c313f558,0x00000006c7200000)
 Metaspace       used 33554K, capacity 35277K, committed 35416K, reserved 1079296K
  class space    used 4378K, capacity 4736K, committed 4736K, reserved 1048576K
}
Event: 9.886 GC heap before
{Heap before GC invocations=11 (full 2):
 PSYoungGen      total 246272K, used 11244K [0x000000076b800000, 0x0000000782c00000, 0x00000007c0000000)
  eden space 235008K, 0% used [0x000000076b800000,0x000000076b800000,0x0000000779d80000)
  from space 11264K, 99% used [0x0000000779d80000,0x000000077a87b3e8,0x000000077a880000)
  to   space 13824K, 0% used [0x0000000781e80000,0x0000000781e80000,0x0000000782c00000)
 ParOldGen       total 75776K, used 9469K [0x00000006c2800000, 0x00000006c7200000, 0x000000076b800000)
  object space 75776K, 12% used [0x00000006c2800000,0x00000006c313f558,0x00000006c7200000)
 Metaspace       used 33554K, capacity 35277K, committed 35416K, reserved 1079296K
  class space    used 4378K, capacity 4736K, committed 4736K, reserved 1048576K
Event: 9.982 GC heap after
Heap after GC invocations=11 (full 2):
 PSYoungGen      total 246272K, used 0K [0x000000076b800000, 0x0000000782c00000, 0x00000007c0000000)
  eden space 235008K, 0% used [0x000000076b800000,0x000000076b800000,0x0000000779d80000)
  from space 11264K, 0% used [0x0000000779d80000,0x0000000779d80000,0x000000077a880000)
  to   space 13824K, 0% used [0x0000000781e80000,0x0000000781e80000,0x0000000782c00000)
 ParOldGen       total 110592K, used 19826K [0x00000006c2800000, 0x00000006c9400000, 0x000000076b800000)
  object space 110592K, 17% used [0x00000006c2800000,0x00000006c3b5c9f0,0x00000006c9400000)
 Metaspace       used 33554K, capacity 35277K, committed 35416K, reserved 1079296K
  class space    used 4378K, capacity 4736K, committed 4736K, reserved 1048576K
}
Event: 22.762 GC heap before
{Heap before GC invocations=12 (full 2):
 PSYoungGen      total 246272K, used 235008K [0x000000076b800000, 0x0000000782c00000, 0x00000007c0000000)
  eden space 235008K, 100% used [0x000000076b800000,0x0000000779d80000,0x0000000779d80000)
  from space 11264K, 0% used [0x0000000779d80000,0x0000000779d80000,0x000000077a880000)
  to   space 13824K, 0% used [0x0000000781e80000,0x0000000781e80000,0x0000000782c00000)
 ParOldGen       total 110592K, used 19826K [0x00000006c2800000, 0x00000006c9400000, 0x000000076b800000)
  object space 110592K, 17% used [0x00000006c2800000,0x00000006c3b5c9f0,0x00000006c9400000)
 Metaspace       used 41525K, capacity 43925K, committed 44032K, reserved 1087488K
  class space    used 5402K, capacity 5871K, committed 5888K, reserved 1048576K
Event: 22.772 GC heap after
Heap after GC invocations=12 (full 2):
 PSYoungGen      total 343040K, used 13792K [0x000000076b800000, 0x0000000782c00000, 0x00000007c0000000)
  eden space 329216K, 0% used [0x000000076b800000,0x000000076b800000,0x000000077f980000)
  from space 13824K, 99% used [0x0000000781e80000,0x0000000782bf80e0,0x0000000782c00000)
  to   space 15360K, 0% used [0x0000000780e00000,0x0000000780e00000,0x0000000781d00000)
 ParOldGen       total 110592K, used 20490K [0x00000006c2800000, 0x00000006c9400000, 0x000000076b800000)
  object space 110592K, 18% used [0x00000006c2800000,0x00000006c3c02a40,0x00000006c9400000)
 Metaspace       used 41525K, capacity 43925K, committed 44032K, reserved 1087488K
  class space    used 5402K, capacity 5871K, committed 5888K, reserved 1048576K
}
Event: 26.043 GC heap before
{Heap before GC invocations=13 (full 2):
 PSYoungGen      total 343040K, used 343008K [0x000000076b800000, 0x0000000782c00000, 0x00000007c0000000)
  eden space 329216K, 100% used [0x000000076b800000,0x000000077f980000,0x000000077f980000)
  from space 13824K, 99% used [0x0000000781e80000,0x0000000782bf80e0,0x0000000782c00000)
  to   space 15360K, 0% used [0x0000000780e00000,0x0000000780e00000,0x0000000781d00000)
 ParOldGen       total 110592K, used 20490K [0x00000006c2800000, 0x00000006c9400000, 0x000000076b800000)
  object space 110592K, 18% used [0x00000006c2800000,0x00000006c3c02a40,0x00000006c9400000)
 Metaspace       used 51870K, capacity 55231K, committed 55424K, reserved 1097728K
  class space    used 6865K, capacity 7487K, committed 7552K, reserved 1048576K
Event: 26.059 GC heap after
Heap after GC invocations=13 (full 2):
 PSYoungGen      total 365568K, used 15336K [0x000000076b800000, 0x0000000789900000, 0x00000007c0000000)
  eden space 350208K, 0% used [0x000000076b800000,0x000000076b800000,0x0000000780e00000)
  from space 15360K, 99% used [0x0000000780e00000,0x0000000781cfa1e0,0x0000000781d00000)
  to   space 20992K, 0% used [0x0000000788480000,0x0000000788480000,0x0000000789900000)
 ParOldGen       total 110592K, used 31527K [0x00000006c2800000, 0x00000006c9400000, 0x000000076b800000)
  object space 110592K, 28% used [0x00000006c2800000,0x00000006c46c9e58,0x00000006c9400000)
 Metaspace       used 51870K, capacity 55231K, committed 55424K, reserved 1097728K
  class space    used 6865K, capacity 7487K, committed 7552K, reserved 1048576K
}
Event: 28.630 GC heap before
{Heap before GC invocations=14 (full 2):
 PSYoungGen      total 365568K, used 114539K [0x000000076b800000, 0x0000000789900000, 0x00000007c0000000)
  eden space 350208K, 28% used [0x000000076b800000,0x00000007718e0b20,0x0000000780e00000)
  from space 15360K, 99% used [0x0000000780e00000,0x0000000781cfa1e0,0x0000000781d00000)
  to   space 20992K, 0% used [0x0000000788480000,0x0000000788480000,0x0000000789900000)
 ParOldGen       total 110592K, used 31527K [0x00000006c2800000, 0x00000006c9400000, 0x000000076b800000)
  object space 110592K, 28% used [0x00000006c2800000,0x00000006c46c9e58,0x00000006c9400000)
 Metaspace       used 55398K, capacity 58987K, committed 59028K, reserved 1099776K
  class space    used 7293K, capacity 7936K, committed 7936K, reserved 1048576K
Event: 28.639 GC heap after
Heap after GC invocations=14 (full 2):
 PSYoungGen      total 471040K, used 4211K [0x000000076b800000, 0x000000078aa80000, 0x00000007c0000000)
  eden space 450048K, 0% used [0x000000076b800000,0x000000076b800000,0x0000000786f80000)
  from space 20992K, 20% used [0x0000000788480000,0x000000078889ccd8,0x0000000789900000)
  to   space 21504K, 0% used [0x0000000786f80000,0x0000000786f80000,0x0000000788480000)
 ParOldGen       total 110592K, used 41791K [0x00000006c2800000, 0x00000006c9400000, 0x000000076b800000)
  object space 110592K, 37% used [0x00000006c2800000,0x00000006c50cff88,0x00000006c9400000)
 Metaspace       used 55398K, capacity 58987K, committed 59028K, reserved 1099776K
  class space    used 7293K, capacity 7936K, committed 7936K, reserved 1048576K
}
Event: 28.639 GC heap before
{Heap before GC invocations=15 (full 3):
 PSYoungGen      total 471040K, used 4211K [0x000000076b800000, 0x000000078aa80000, 0x00000007c0000000)
  eden space 450048K, 0% used [0x000000076b800000,0x000000076b800000,0x0000000786f80000)
  from space 20992K, 20% used [0x0000000788480000,0x000000078889ccd8,0x0000000789900000)
  to   space 21504K, 0% used [0x0000000786f80000,0x0000000786f80000,0x0000000788480000)
 ParOldGen       total 110592K, used 41791K [0x00000006c2800000, 0x00000006c9400000, 0x000000076b800000)
  object space 110592K, 37% used [0x00000006c2800000,0x00000006c50cff88,0x00000006c9400000)
 Metaspace       used 55398K, capacity 58987K, committed 59028K, reserved 1099776K
  class space    used 7293K, capacity 7936K, committed 7936K, reserved 1048576K
Event: 28.796 GC heap after
Heap after GC invocations=15 (full 3):
 PSYoungGen      total 471040K, used 0K [0x000000076b800000, 0x000000078aa80000, 0x00000007c0000000)
  eden space 450048K, 0% used [0x000000076b800000,0x000000076b800000,0x0000000786f80000)
  from space 20992K, 0% used [0x0000000788480000,0x0000000788480000,0x0000000789900000)
  to   space 21504K, 0% used [0x0000000786f80000,0x0000000786f80000,0x0000000788480000)
 ParOldGen       total 155136K, used 35315K [0x00000006c2800000, 0x00000006cbf80000, 0x000000076b800000)
  object space 155136K, 22% used [0x00000006c2800000,0x00000006c4a7ce90,0x00000006cbf80000)
 Metaspace       used 55382K, capacity 58951K, committed 59028K, reserved 1099776K
  class space    used 7288K, capacity 7928K, committed 7936K, reserved 1048576K
}
Event: 2682.242 GC heap before
{Heap before GC invocations=16 (full 3):
 PSYoungGen      total 471040K, used 450048K [0x000000076b800000, 0x000000078aa80000, 0x00000007c0000000)
  eden space 450048K, 100% used [0x000000076b800000,0x0000000786f80000,0x0000000786f80000)
  from space 20992K, 0% used [0x0000000788480000,0x0000000788480000,0x0000000789900000)
  to   space 21504K, 0% used [0x0000000786f80000,0x0000000786f80000,0x0000000788480000)
 ParOldGen       total 155136K, used 35315K [0x00000006c2800000, 0x00000006cbf80000, 0x000000076b800000)
  object space 155136K, 22% used [0x00000006c2800000,0x00000006c4a7ce90,0x00000006cbf80000)
 Metaspace       used 58347K, capacity 62255K, committed 62336K, reserved 1103872K
  class space    used 7620K, capacity 8316K, committed 8320K, reserved 1048576K
Event: 2682.249 GC heap after
Heap after GC invocations=16 (full 3):
 PSYoungGen      total 471552K, used 6271K [0x000000076b800000, 0x0000000792180000, 0x00000007c0000000)
  eden space 450048K, 0% used [0x000000076b800000,0x000000076b800000,0x0000000786f80000)
  from space 21504K, 29% used [0x0000000786f80000,0x000000078759fcc8,0x0000000788480000)
  to   space 20992K, 0% used [0x0000000790d00000,0x0000000790d00000,0x0000000792180000)
 ParOldGen       total 155136K, used 35323K [0x00000006c2800000, 0x00000006cbf80000, 0x000000076b800000)
  object space 155136K, 22% used [0x00000006c2800000,0x00000006c4a7ee90,0x00000006cbf80000)
 Metaspace       used 58347K, capacity 62255K, committed 62336K, reserved 1103872K
  class space    used 7620K, capacity 8316K, committed 8320K, reserved 1048576K
}

